<?xml version="1.0" encoding="UTF-8"?>
<testsuite xmlns:xsi="http://www.w3.org/2001/XMLSchema-instance" xsi:noNamespaceSchemaLocation="https://maven.apache.org/surefire/maven-surefire-plugin/xsd/surefire-test-report-3.0.xsd" version="3.0" name="com.booker.runners.TestRunner" time="64.592" tests="15" errors="1" skipped="0" failures="0">
  <properties>
[...]
</properties>
  <testcase name="Get all booking IDs" classname="Booking API" time="8.291">
    <system-out><![CDATA[
@booking @smoke @positive
Scenario: Get all booking IDs                          # src/test/resources/features/booking.feature:14
15:41:47.117 [main] INFO  com.booker.utils.RestAssuredSetup - RestAssured initialized with base URI: https://restful-booker.herokuapp.com
15:41:47.143 [main] INFO  com.booker.stepdefs.Hooks - === Starting Scenario: Get all booking IDs [PASSED] ===
15:41:47.155 [main] INFO  com.booker.stepdefs.CommonSteps - Base URL configured: https://restful-booker.herokuapp.com
  Given the API base URL is configured                 # com.booker.stepdefs.CommonSteps.theApiBaseUrlIsConfigured()
Request method:	POST
Request URI:	https://restful-booker.herokuapp.com/auth
Proxy:			<none>
Request params:	<none>
Query params:	<none>
Form params:	<none>
Path params:	<none>
Headers:		Accept=application/json
				Content-Type=application/json
Cookies:		<none>
Multiparts:		<none>
Body:
{
    "username": "admin",
    "password": "password123"
}
15:41:51.945 [main] INFO  com.booker.stepdefs.CommonSteps - Authenticated. Token acquired: 28bb8****
  And I am authenticated with valid credentials        # com.booker.stepdefs.CommonSteps.iAmAuthenticatedWithValidCredentials()
Request method:	GET
Request URI:	https://restful-booker.herokuapp.com/booking
Proxy:			<none>
Request params:	<none>
Query params:	<none>
Form params:	<none>
Path params:	<none>
Headers:		Accept=application/json
				Content-Type=application/json
Cookies:		<none>
Multiparts:		<none>
Body:			<none>
  When I send a GET request to "/booking"              # com.booker.stepdefs.BookingSteps.iSendGETRequest(java.lang.String)
15:41:53.552 [main] INFO  com.booker.stepdefs.AuthSteps - Expected status: 200, Actual status: 200
  Then the response status code should be 200          # com.booker.stepdefs.AuthSteps.theResponseStatusCodeShouldBe(int)
15:41:53.645 [main] INFO  com.booker.stepdefs.BookingSteps - Retrieved 403 booking(s)
  And the response should return a list of booking IDs # com.booker.stepdefs.BookingSteps.theResponseShouldReturnAListOfBookingIds()
15:41:53.650 [main] INFO  com.booker.stepdefs.Hooks - === PASSED Scenario: Get all booking IDs ===
]]></system-out>
  </testcase>
  <testcase name="Get bookings filtered by first name" classname="Booking API" time="3.283">
    <system-out><![CDATA[
@booking @positive
Scenario: Get bookings filtered by first name                                   # src/test/resources/features/booking.feature:20
15:41:53.665 [main] INFO  com.booker.stepdefs.Hooks - === Starting Scenario: Get bookings filtered by first name [PASSED] ===
15:41:53.666 [main] INFO  com.booker.stepdefs.CommonSteps - Base URL configured: https://restful-booker.herokuapp.com
  Given the API base URL is configured                                          # com.booker.stepdefs.CommonSteps.theApiBaseUrlIsConfigured()
Request method:	POST
Request URI:	https://restful-booker.herokuapp.com/auth
Proxy:			<none>
Request params:	<none>
Query params:	<none>
Form params:	<none>
Path params:	<none>
Headers:		Accept=application/json
				Content-Type=application/json
Cookies:		<none>
Multiparts:		<none>
Body:
{
    "username": "admin",
    "password": "password123"
}
15:41:55.492 [main] INFO  com.booker.stepdefs.CommonSteps - Authenticated. Token acquired: ba35e****
  And I am authenticated with valid credentials                                 # com.booker.stepdefs.CommonSteps.iAmAuthenticatedWithValidCredentials()
Request method:	GET
Request URI:	https://restful-booker.herokuapp.com/booking?firstname=Jim
Proxy:			<none>
Request params:	<none>
Query params:	firstname=Jim
Form params:	<none>
Path params:	<none>
Headers:		Accept=application/json
				Content-Type=application/json
Cookies:		<none>
Multiparts:		<none>
Body:			<none>
  When I send a GET request to "/booking" with query param "firstname" as "Jim" # com.booker.stepdefs.BookingSteps.iSendGETRequestWithQueryParam(java.lang.String,java.lang.String,java.lang.String)
15:41:56.930 [main] INFO  com.booker.stepdefs.AuthSteps - Expected status: 200, Actual status: 200
  Then the response status code should be 200                                   # com.booker.stepdefs.AuthSteps.theResponseStatusCodeShouldBe(int)
15:41:56.934 [main] INFO  com.booker.stepdefs.BookingSteps - Retrieved 3 booking(s)
  And the response should return a list of booking IDs                          # com.booker.stepdefs.BookingSteps.theResponseShouldReturnAListOfBookingIds()
15:41:56.937 [main] INFO  com.booker.stepdefs.Hooks - === PASSED Scenario: Get bookings filtered by first name ===
]]></system-out>
  </testcase>
  <testcase name="Get bookings filtered by check-in date" classname="Booking API" time="3.03">
    <system-out><![CDATA[
@booking @positive
Scenario: Get bookings filtered by check-in date                                     # src/test/resources/features/booking.feature:26
15:41:56.957 [main] INFO  com.booker.stepdefs.Hooks - === Starting Scenario: Get bookings filtered by check-in date [PASSED] ===
15:41:56.959 [main] INFO  com.booker.stepdefs.CommonSteps - Base URL configured: https://restful-booker.herokuapp.com
  Given the API base URL is configured                                               # com.booker.stepdefs.CommonSteps.theApiBaseUrlIsConfigured()
Request method:	POST
Request URI:	https://restful-booker.herokuapp.com/auth
Proxy:			<none>
Request params:	<none>
Query params:	<none>
Form params:	<none>
Path params:	<none>
Headers:		Accept=application/json
				Content-Type=application/json
Cookies:		<none>
Multiparts:		<none>
Body:
{
    "username": "admin",
    "password": "password123"
}
15:41:58.491 [main] INFO  com.booker.stepdefs.CommonSteps - Authenticated. Token acquired: 27a51****
  And I am authenticated with valid credentials                                      # com.booker.stepdefs.CommonSteps.iAmAuthenticatedWithValidCredentials()
Request method:	GET
Request URI:	https://restful-booker.herokuapp.com/booking?checkin=2024-01-01
Proxy:			<none>
Request params:	<none>
Query params:	checkin=2024-01-01
Form params:	<none>
Path params:	<none>
Headers:		Accept=application/json
				Content-Type=application/json
Cookies:		<none>
Multiparts:		<none>
Body:			<none>
  When I send a GET request to "/booking" with query param "checkin" as "2024-01-01" # com.booker.stepdefs.BookingSteps.iSendGETRequestWithQueryParam(java.lang.String,java.lang.String,java.lang.String)
15:41:59.958 [main] INFO  com.booker.stepdefs.AuthSteps - Expected status: 200, Actual status: 200
  Then the response status code should be 200                                        # com.booker.stepdefs.AuthSteps.theResponseStatusCodeShouldBe(int)
15:41:59.963 [main] INFO  com.booker.stepdefs.BookingSteps - Retrieved 10 booking(s)
  And the response should return a list of booking IDs                               # com.booker.stepdefs.BookingSteps.theResponseShouldReturnAListOfBookingIds()
15:41:59.966 [main] INFO  com.booker.stepdefs.Hooks - === PASSED Scenario: Get bookings filtered by check-in date ===
]]></system-out>
  </testcase>
  <testcase name="Get a specific booking by ID" classname="Booking API" time="4.72">
    <system-out><![CDATA[
@booking @smoke @positive
Scenario: Get a specific booking by ID                        # src/test/resources/features/booking.feature:34
15:41:59.984 [main] INFO  com.booker.stepdefs.Hooks - === Starting Scenario: Get a specific booking by ID [PASSED] ===
15:41:59.987 [main] INFO  com.booker.stepdefs.CommonSteps - Base URL configured: https://restful-booker.herokuapp.com
  Given the API base URL is configured                        # com.booker.stepdefs.CommonSteps.theApiBaseUrlIsConfigured()
Request method:	POST
Request URI:	https://restful-booker.herokuapp.com/auth
Proxy:			<none>
Request params:	<none>
Query params:	<none>
Form params:	<none>
Path params:	<none>
Headers:		Accept=application/json
				Content-Type=application/json
Cookies:		<none>
Multiparts:		<none>
Body:
{
    "username": "admin",
    "password": "password123"
}
15:42:01.557 [main] INFO  com.booker.stepdefs.CommonSteps - Authenticated. Token acquired: ed6c0****
  And I am authenticated with valid credentials               # com.booker.stepdefs.CommonSteps.iAmAuthenticatedWithValidCredentials()
Request method:	POST
Request URI:	https://restful-booker.herokuapp.com/booking
Proxy:			<none>
Request params:	<none>
Query params:	<none>
Form params:	<none>
Path params:	<none>
Headers:		Accept=application/json
				Content-Type=application/json
Cookies:		<none>
Multiparts:		<none>
Body:
{
    "firstname": "James",
    "lastname": "Brown",
    "totalprice": 150,
    "depositpaid": true,
    "bookingdates": {
        "checkin": "2025-01-01",
        "checkout": "2025-01-07"
    },
    "additionalneeds": "Breakfast"
}
15:42:03.101 [main] INFO  com.booker.stepdefs.BookingSteps - Created test booking with ID: 654
  Given a booking exists                                      # com.booker.stepdefs.BookingSteps.aBookingExists()
Request method:	GET
Request URI:	https://restful-booker.herokuapp.com/booking/654
Proxy:			<none>
Request params:	<none>
Query params:	<none>
Form params:	<none>
Path params:	<none>
Headers:		Accept=application/json
				Content-Type=application/json
Cookies:		<none>
Multiparts:		<none>
Body:			<none>
  When I send a GET request to the booking                    # com.booker.stepdefs.BookingSteps.iSendGETRequestForBookingByIdFromContext()
15:42:04.641 [main] INFO  com.booker.stepdefs.AuthSteps - Expected status: 200, Actual status: 200
  Then the response status code should be 200                 # com.booker.stepdefs.AuthSteps.theResponseStatusCodeShouldBe(int)
  And the booking response should have "firstname" as "James" # com.booker.stepdefs.BookingSteps.theBookingResponseShouldHaveFieldAs(java.lang.String,java.lang.String)
  And the booking response should have "lastname" as "Brown"  # com.booker.stepdefs.BookingSteps.theBookingResponseShouldHaveFieldAs(java.lang.String,java.lang.String)
15:42:04.690 [main] INFO  com.booker.stepdefs.Hooks - === PASSED Scenario: Get a specific booking by ID ===
]]></system-out>
  </testcase>
  <testcase name="Get booking with non-existent ID" classname="Booking API" time="1.678">
    <error message="Cannot invoke &quot;io.restassured.response.Response.getStatusCode()&quot; because the return value of &quot;com.booker.utils.ScenarioContext.getLastResponse()&quot; is null" type="java.lang.NullPointerException"><![CDATA[java.lang.NullPointerException: Cannot invoke "io.restassured.response.Response.getStatusCode()" because the return value of "com.booker.utils.ScenarioContext.getLastResponse()" is null
	at com.booker.stepdefs.AuthSteps.theResponseStatusCodeShouldBe(AuthSteps.java:87)
	at ✽.the response status code should be 404(file:///E:/Softwares/restful-booker-automation/restful-booker-automation/src/test/resources/features/booking.feature:44)
]]></error>
    <system-out><![CDATA[
@booking @negative
Scenario: Get booking with non-existent ID      # src/test/resources/features/booking.feature:42
15:42:04.707 [main] INFO  com.booker.stepdefs.Hooks - === Starting Scenario: Get booking with non-existent ID [PASSED] ===
15:42:04.710 [main] INFO  com.booker.stepdefs.CommonSteps - Base URL configured: https://restful-booker.herokuapp.com
  Given the API base URL is configured          # com.booker.stepdefs.CommonSteps.theApiBaseUrlIsConfigured()
Request method:	POST
Request URI:	https://restful-booker.herokuapp.com/auth
Proxy:			<none>
Request params:	<none>
Query params:	<none>
Form params:	<none>
Path params:	<none>
Headers:		Accept=application/json
				Content-Type=application/json
Cookies:		<none>
Multiparts:		<none>
Body:
{
    "username": "admin",
    "password": "password123"
}
15:42:06.325 [main] INFO  com.booker.stepdefs.CommonSteps - Authenticated. Token acquired: 39c49****
  And I am authenticated with valid credentials # com.booker.stepdefs.CommonSteps.iAmAuthenticatedWithValidCredentials()
  Then the response status code should be 404   # com.booker.stepdefs.AuthSteps.theResponseStatusCodeShouldBe(int)
      java.lang.NullPointerException: Cannot invoke "io.restassured.response.Response.getStatusCode()" because the return value of "com.booker.utils.ScenarioContext.getLastResponse()" is null
	at com.booker.stepdefs.AuthSteps.theResponseStatusCodeShouldBe(AuthSteps.java:87)
	at ✽.the response status code should be 404(file:///E:/Softwares/restful-booker-automation/restful-booker-automation/src/test/resources/features/booking.feature:44)

15:42:06.355 [main] ERROR com.booker.stepdefs.Hooks - === FAILED Scenario: Get booking with non-existent ID ===
]]></system-out>
  </testcase>
  <testcase name="Create a new booking with all fields" classname="Booking API" time="3.255">
    <system-out><![CDATA[
@booking @smoke @positive
Scenario: Create a new booking with all fields        # src/test/resources/features/booking.feature:49
15:42:06.396 [main] INFO  com.booker.stepdefs.Hooks - === Starting Scenario: Create a new booking with all fields [PASSED] ===
15:42:06.399 [main] INFO  com.booker.stepdefs.CommonSteps - Base URL configured: https://restful-booker.herokuapp.com
  Given the API base URL is configured                # com.booker.stepdefs.CommonSteps.theApiBaseUrlIsConfigured()
Request method:	POST
Request URI:	https://restful-booker.herokuapp.com/auth
Proxy:			<none>
Request params:	<none>
Query params:	<none>
Form params:	<none>
Path params:	<none>
Headers:		Accept=application/json
				Content-Type=application/json
Cookies:		<none>
Multiparts:		<none>
Body:
{
    "username": "admin",
    "password": "password123"
}
15:42:08.069 [main] INFO  com.booker.stepdefs.CommonSteps - Authenticated. Token acquired: 49b50****
  And I am authenticated with valid credentials       # com.booker.stepdefs.CommonSteps.iAmAuthenticatedWithValidCredentials()
Request method:	POST
Request URI:	https://restful-booker.herokuapp.com/booking
Proxy:			<none>
Request params:	<none>
Query params:	<none>
Form params:	<none>
Path params:	<none>
Headers:		Accept=application/json
				Content-Type=application/json
Cookies:		<none>
Multiparts:		<none>
Body:
{
    "firstname": "James",
    "lastname": "Brown",
    "totalprice": 150,
    "depositpaid": true,
    "bookingdates": {
        "checkin": "2025-01-01",
        "checkout": "2025-01-07"
    },
    "additionalneeds": "Breakfast"
}
15:42:09.556 [main] INFO  com.booker.stepdefs.BookingSteps - Created booking with ID: 705
  When I create a booking with the following details: # com.booker.stepdefs.BookingSteps.iCreateABookingWithDetails(java.util.Map<java.lang.String, java.lang.String>)
    | firstname       | James      |
    | lastname        | Brown      |
    | totalprice      | 150        |
    | depositpaid     | true       |
    | checkin         | 2025-01-01 |
    | checkout        | 2025-01-07 |
    | additionalneeds | Breakfast  |
15:42:09.563 [main] INFO  com.booker.stepdefs.AuthSteps - Expected status: 200, Actual status: 200
  Then the response status code should be 200         # com.booker.stepdefs.AuthSteps.theResponseStatusCodeShouldBe(int)
  And the response should contain a booking ID        # com.booker.stepdefs.BookingSteps.theResponseShouldContainABookingId()
15:42:09.602 [main] INFO  com.booker.stepdefs.BookingSteps - Firstname verified: James
  And the booking firstname should be "James"         # com.booker.stepdefs.BookingSteps.theBookingFirstnameShouldBe(java.lang.String)
  And the booking lastname should be "Brown"          # com.booker.stepdefs.BookingSteps.theBookingLastnameShouldBe(java.lang.String)
15:42:09.628 [main] INFO  com.booker.stepdefs.Hooks - === PASSED Scenario: Create a new booking with all fields ===
]]></system-out>
  </testcase>
  <testcase name="Create a booking without additional needs" classname="Booking API" time="3.168">
    <system-out><![CDATA[
@booking @positive
Scenario: Create a booking without additional needs   # src/test/resources/features/booking.feature:64
15:42:09.636 [main] INFO  com.booker.stepdefs.Hooks - === Starting Scenario: Create a booking without additional needs [PASSED] ===
15:42:09.637 [main] INFO  com.booker.stepdefs.CommonSteps - Base URL configured: https://restful-booker.herokuapp.com
  Given the API base URL is configured                # com.booker.stepdefs.CommonSteps.theApiBaseUrlIsConfigured()
Request method:	POST
Request URI:	https://restful-booker.herokuapp.com/auth
Proxy:			<none>
Request params:	<none>
Query params:	<none>
Form params:	<none>
Path params:	<none>
Headers:		Accept=application/json
				Content-Type=application/json
Cookies:		<none>
Multiparts:		<none>
Body:
{
    "username": "admin",
    "password": "password123"
}
15:42:11.142 [main] INFO  com.booker.stepdefs.CommonSteps - Authenticated. Token acquired: 34bde****
  And I am authenticated with valid credentials       # com.booker.stepdefs.CommonSteps.iAmAuthenticatedWithValidCredentials()
Request method:	POST
Request URI:	https://restful-booker.herokuapp.com/booking
Proxy:			<none>
Request params:	<none>
Query params:	<none>
Form params:	<none>
Path params:	<none>
Headers:		Accept=application/json
				Content-Type=application/json
Cookies:		<none>
Multiparts:		<none>
Body:
{
    "firstname": "Alice",
    "lastname": "Smith",
    "totalprice": 200,
    "depositpaid": false,
    "bookingdates": {
        "checkin": "2025-03-01",
        "checkout": "2025-03-05"
    },
    "additionalneeds": null
}
15:42:12.767 [main] INFO  com.booker.stepdefs.BookingSteps - Created booking with ID: 730
  When I create a booking with the following details: # com.booker.stepdefs.BookingSteps.iCreateABookingWithDetails(java.util.Map<java.lang.String, java.lang.String>)
    | firstname       | Alice      |
    | lastname        | Smith      |
    | totalprice      | 200        |
    | depositpaid     | false      |
    | checkin         | 2025-03-01 |
    | checkout        | 2025-03-05 |
    | additionalneeds | [empty]    |
15:42:12.770 [main] INFO  com.booker.stepdefs.AuthSteps - Expected status: 200, Actual status: 200
  Then the response status code should be 200         # com.booker.stepdefs.AuthSteps.theResponseStatusCodeShouldBe(int)
  And the response should contain a booking ID        # com.booker.stepdefs.BookingSteps.theResponseShouldContainABookingId()
15:42:12.794 [main] INFO  com.booker.stepdefs.Hooks - === PASSED Scenario: Create a booking without additional needs ===
]]></system-out>
  </testcase>
  <testcase name="Create booking with missing required fields" classname="Booking API" time="3.342">
    <system-out><![CDATA[
@booking @negative
Scenario: Create booking with missing required fields          # src/test/resources/features/booking.feature:77
15:42:12.810 [main] INFO  com.booker.stepdefs.Hooks - === Starting Scenario: Create booking with missing required fields [PASSED] ===
15:42:12.812 [main] INFO  com.booker.stepdefs.CommonSteps - Base URL configured: https://restful-booker.herokuapp.com
  Given the API base URL is configured                         # com.booker.stepdefs.CommonSteps.theApiBaseUrlIsConfigured()
Request method:	POST
Request URI:	https://restful-booker.herokuapp.com/auth
Proxy:			<none>
Request params:	<none>
Query params:	<none>
Form params:	<none>
Path params:	<none>
Headers:		Accept=application/json
				Content-Type=application/json
Cookies:		<none>
Multiparts:		<none>
Body:
{
    "username": "admin",
    "password": "password123"
}
15:42:14.361 [main] INFO  com.booker.stepdefs.CommonSteps - Authenticated. Token acquired: 651a1****
  And I am authenticated with valid credentials                # com.booker.stepdefs.CommonSteps.iAmAuthenticatedWithValidCredentials()
Request method:	POST
Request URI:	https://restful-booker.herokuapp.com/booking
Proxy:			<none>
Request params:	<none>
Query params:	<none>
Form params:	<none>
Path params:	<none>
Headers:		Accept=application/json
				Content-Type=application/json
Cookies:		<none>
Multiparts:		<none>
Body:
{
    "firstname": "John"
}
  When I send an invalid POST request to "/booking" with body: # com.booker.stepdefs.BookingSteps.iSendInvalidPostRequest(java.lang.String,java.lang.String)
15:42:16.131 [main] INFO  com.booker.stepdefs.AuthSteps - Expected status: 500, Actual status: 500
  Then the response status code should be 500                  # com.booker.stepdefs.AuthSteps.theResponseStatusCodeShouldBe(int)
15:42:16.133 [main] INFO  com.booker.stepdefs.Hooks - === PASSED Scenario: Create booking with missing required fields ===
]]></system-out>
  </testcase>
  <testcase name="Update an existing booking fully" classname="Booking API" time="4.816">
    <system-out><![CDATA[
@booking @positive
Scenario: Update an existing booking fully              # src/test/resources/features/booking.feature:89
15:42:16.150 [main] INFO  com.booker.stepdefs.Hooks - === Starting Scenario: Update an existing booking fully [PASSED] ===
15:42:16.151 [main] INFO  com.booker.stepdefs.CommonSteps - Base URL configured: https://restful-booker.herokuapp.com
  Given the API base URL is configured                  # com.booker.stepdefs.CommonSteps.theApiBaseUrlIsConfigured()
Request method:	POST
Request URI:	https://restful-booker.herokuapp.com/auth
Proxy:			<none>
Request params:	<none>
Query params:	<none>
Form params:	<none>
Path params:	<none>
Headers:		Accept=application/json
				Content-Type=application/json
Cookies:		<none>
Multiparts:		<none>
Body:
{
    "username": "admin",
    "password": "password123"
}
15:42:17.755 [main] INFO  com.booker.stepdefs.CommonSteps - Authenticated. Token acquired: ad48c****
  And I am authenticated with valid credentials         # com.booker.stepdefs.CommonSteps.iAmAuthenticatedWithValidCredentials()
Request method:	POST
Request URI:	https://restful-booker.herokuapp.com/booking
Proxy:			<none>
Request params:	<none>
Query params:	<none>
Form params:	<none>
Path params:	<none>
Headers:		Accept=application/json
				Content-Type=application/json
Cookies:		<none>
Multiparts:		<none>
Body:
{
    "firstname": "James",
    "lastname": "Brown",
    "totalprice": 150,
    "depositpaid": true,
    "bookingdates": {
        "checkin": "2025-01-01",
        "checkout": "2025-01-07"
    },
    "additionalneeds": "Breakfast"
}
15:42:19.282 [main] INFO  com.booker.stepdefs.BookingSteps - Created test booking with ID: 792
  Given a booking exists                                # com.booker.stepdefs.BookingSteps.aBookingExists()
Request method:	PUT
Request URI:	https://restful-booker.herokuapp.com/booking/792
Proxy:			<none>
Request params:	<none>
Query params:	<none>
Form params:	<none>
Path params:	<none>
Headers:		Accept=application/json
				Cookie=token=ad48c17a9b55b98
				Content-Type=application/json
Cookies:		<none>
Multiparts:		<none>
Body:
{
    "firstname": "Updated",
    "lastname": "Name",
    "totalprice": 300,
    "depositpaid": true,
    "bookingdates": {
        "checkin": "2025-06-01",
        "checkout": "2025-06-10"
    },
    "additionalneeds": "Lunch"
}
15:42:20.929 [main] INFO  com.booker.stepdefs.BookingSteps - PUT /booking/792 => 200
  When I update the booking with the following details: # com.booker.stepdefs.BookingSteps.iUpdateTheBookingWithDetails(java.util.Map<java.lang.String, java.lang.String>)
    | firstname       | Updated    |
    | lastname        | Name       |
    | totalprice      | 300        |
    | depositpaid     | true       |
    | checkin         | 2025-06-01 |
    | checkout        | 2025-06-10 |
    | additionalneeds | Lunch      |
15:42:20.932 [main] INFO  com.booker.stepdefs.AuthSteps - Expected status: 200, Actual status: 200
  Then the response status code should be 200           # com.booker.stepdefs.AuthSteps.theResponseStatusCodeShouldBe(int)
15:42:20.952 [main] INFO  com.booker.stepdefs.BookingSteps - Firstname verified: Updated
  And the booking firstname should be "Updated"         # com.booker.stepdefs.BookingSteps.theBookingFirstnameShouldBe(java.lang.String)
15:42:20.954 [main] INFO  com.booker.stepdefs.Hooks - === PASSED Scenario: Update an existing booking fully ===
]]></system-out>
  </testcase>
  <testcase name="Update booking without auth token" classname="Booking API" time="5.553">
    <system-out><![CDATA[
@booking @negative
Scenario: Update booking without auth token        # src/test/resources/features/booking.feature:103
15:42:20.969 [main] INFO  com.booker.stepdefs.Hooks - === Starting Scenario: Update booking without auth token [PASSED] ===
15:42:20.973 [main] INFO  com.booker.stepdefs.CommonSteps - Base URL configured: https://restful-booker.herokuapp.com
  Given the API base URL is configured             # com.booker.stepdefs.CommonSteps.theApiBaseUrlIsConfigured()
Request method:	POST
Request URI:	https://restful-booker.herokuapp.com/auth
Proxy:			<none>
Request params:	<none>
Query params:	<none>
Form params:	<none>
Path params:	<none>
Headers:		Accept=application/json
				Content-Type=application/json
Cookies:		<none>
Multiparts:		<none>
Body:
{
    "username": "admin",
    "password": "password123"
}
15:42:22.616 [main] INFO  com.booker.stepdefs.CommonSteps - Authenticated. Token acquired: efd6e****
  And I am authenticated with valid credentials    # com.booker.stepdefs.CommonSteps.iAmAuthenticatedWithValidCredentials()
Request method:	POST
Request URI:	https://restful-booker.herokuapp.com/booking
Proxy:			<none>
Request params:	<none>
Query params:	<none>
Form params:	<none>
Path params:	<none>
Headers:		Accept=application/json
				Content-Type=application/json
Cookies:		<none>
Multiparts:		<none>
Body:
{
    "firstname": "James",
    "lastname": "Brown",
    "totalprice": 150,
    "depositpaid": true,
    "bookingdates": {
        "checkin": "2025-01-01",
        "checkout": "2025-01-07"
    },
    "additionalneeds": "Breakfast"
}
15:42:24.189 [main] INFO  com.booker.stepdefs.BookingSteps - Created test booking with ID: 827
  Given a booking exists                           # com.booker.stepdefs.BookingSteps.aBookingExists()
Request method:	PUT
Request URI:	https://restful-booker.herokuapp.com/booking/827
Proxy:			<none>
Request params:	<none>
Query params:	<none>
Form params:	<none>
Path params:	<none>
Headers:		Accept=application/json
				Content-Type=application/json
Cookies:		<none>
Multiparts:		<none>
Body:
{
    "firstname": "James",
    "lastname": "Brown",
    "totalprice": 150,
    "depositpaid": true,
    "bookingdates": {
        "checkin": "2025-01-01",
        "checkout": "2025-01-07"
    },
    "additionalneeds": "Breakfast"
}
  When I update the booking without authentication # com.booker.stepdefs.BookingSteps.iUpdateTheBookingWithoutAuthentication()
15:42:26.504 [main] INFO  com.booker.stepdefs.AuthSteps - Expected status: 403, Actual status: 403
  Then the response status code should be 403      # com.booker.stepdefs.AuthSteps.theResponseStatusCodeShouldBe(int)
15:42:26.505 [main] INFO  com.booker.stepdefs.Hooks - === PASSED Scenario: Update booking without auth token ===
]]></system-out>
  </testcase>
  <testcase name="Partially update a booking&apos;s first name" classname="Booking API" time="4.668">
    <system-out><![CDATA[
@booking @positive
Scenario: Partially update a booking's first name # src/test/resources/features/booking.feature:111
15:42:26.521 [main] INFO  com.booker.stepdefs.Hooks - === Starting Scenario: Partially update a booking's first name [PASSED] ===
15:42:26.523 [main] INFO  com.booker.stepdefs.CommonSteps - Base URL configured: https://restful-booker.herokuapp.com
  Given the API base URL is configured            # com.booker.stepdefs.CommonSteps.theApiBaseUrlIsConfigured()
Request method:	POST
Request URI:	https://restful-booker.herokuapp.com/auth
Proxy:			<none>
Request params:	<none>
Query params:	<none>
Form params:	<none>
Path params:	<none>
Headers:		Accept=application/json
				Content-Type=application/json
Cookies:		<none>
Multiparts:		<none>
Body:
{
    "username": "admin",
    "password": "password123"
}
15:42:28.030 [main] INFO  com.booker.stepdefs.CommonSteps - Authenticated. Token acquired: 6af0c****
  And I am authenticated with valid credentials   # com.booker.stepdefs.CommonSteps.iAmAuthenticatedWithValidCredentials()
Request method:	POST
Request URI:	https://restful-booker.herokuapp.com/booking
Proxy:			<none>
Request params:	<none>
Query params:	<none>
Form params:	<none>
Path params:	<none>
Headers:		Accept=application/json
				Content-Type=application/json
Cookies:		<none>
Multiparts:		<none>
Body:
{
    "firstname": "James",
    "lastname": "Brown",
    "totalprice": 150,
    "depositpaid": true,
    "bookingdates": {
        "checkin": "2025-01-01",
        "checkout": "2025-01-07"
    },
    "additionalneeds": "Breakfast"
}
15:42:29.568 [main] INFO  com.booker.stepdefs.BookingSteps - Created test booking with ID: 880
  Given a booking exists                          # com.booker.stepdefs.BookingSteps.aBookingExists()
Request method:	PATCH
Request URI:	https://restful-booker.herokuapp.com/booking/880
Proxy:			<none>
Request params:	<none>
Query params:	<none>
Form params:	<none>
Path params:	<none>
Headers:		Accept=application/json
				Cookie=token=6af0c0744ec590b
				Content-Type=application/json
Cookies:		<none>
Multiparts:		<none>
Body:
{
    "firstname": "Patched"
}
15:42:31.157 [main] INFO  com.booker.stepdefs.BookingSteps - PATCH /booking/880 => 200
  When I partially update the booking with:       # com.booker.stepdefs.BookingSteps.iPartiallyUpdateTheBookingWith(java.util.Map<java.lang.String, java.lang.String>)
    | firstname | Patched |
15:42:31.159 [main] INFO  com.booker.stepdefs.AuthSteps - Expected status: 200, Actual status: 200
  Then the response status code should be 200     # com.booker.stepdefs.AuthSteps.theResponseStatusCodeShouldBe(int)
15:42:31.177 [main] INFO  com.booker.stepdefs.BookingSteps - Firstname verified: Patched
  And the booking firstname should be "Patched"   # com.booker.stepdefs.BookingSteps.theBookingFirstnameShouldBe(java.lang.String)
15:42:31.178 [main] INFO  com.booker.stepdefs.Hooks - === PASSED Scenario: Partially update a booking's first name ===
]]></system-out>
  </testcase>
  <testcase name="Partial update without auth token" classname="Booking API" time="4.815">
    <system-out><![CDATA[
@booking @negative
Scenario: Partial update without auth token                  # src/test/resources/features/booking.feature:119
15:42:31.204 [main] INFO  com.booker.stepdefs.Hooks - === Starting Scenario: Partial update without auth token [PASSED] ===
15:42:31.206 [main] INFO  com.booker.stepdefs.CommonSteps - Base URL configured: https://restful-booker.herokuapp.com
  Given the API base URL is configured                       # com.booker.stepdefs.CommonSteps.theApiBaseUrlIsConfigured()
Request method:	POST
Request URI:	https://restful-booker.herokuapp.com/auth
Proxy:			<none>
Request params:	<none>
Query params:	<none>
Form params:	<none>
Path params:	<none>
Headers:		Accept=application/json
				Content-Type=application/json
Cookies:		<none>
Multiparts:		<none>
Body:
{
    "username": "admin",
    "password": "password123"
}
15:42:32.797 [main] INFO  com.booker.stepdefs.CommonSteps - Authenticated. Token acquired: 7bf01****
  And I am authenticated with valid credentials              # com.booker.stepdefs.CommonSteps.iAmAuthenticatedWithValidCredentials()
Request method:	POST
Request URI:	https://restful-booker.herokuapp.com/booking
Proxy:			<none>
Request params:	<none>
Query params:	<none>
Form params:	<none>
Path params:	<none>
Headers:		Accept=application/json
				Content-Type=application/json
Cookies:		<none>
Multiparts:		<none>
Body:
{
    "firstname": "James",
    "lastname": "Brown",
    "totalprice": 150,
    "depositpaid": true,
    "bookingdates": {
        "checkin": "2025-01-01",
        "checkout": "2025-01-07"
    },
    "additionalneeds": "Breakfast"
}
15:42:34.360 [main] INFO  com.booker.stepdefs.BookingSteps - Created test booking with ID: 916
  Given a booking exists                                     # com.booker.stepdefs.BookingSteps.aBookingExists()
Request method:	PATCH
Request URI:	https://restful-booker.herokuapp.com/booking/916
Proxy:			<none>
Request params:	<none>
Query params:	<none>
Form params:	<none>
Path params:	<none>
Headers:		Accept=application/json
				Content-Type=application/json
Cookies:		<none>
Multiparts:		<none>
Body:
{
    "firstname": "Unauthorized"
}
  When I partially update the booking without authentication # com.booker.stepdefs.BookingSteps.iPartiallyUpdateWithoutAuth()
15:42:35.994 [main] INFO  com.booker.stepdefs.AuthSteps - Expected status: 403, Actual status: 403
  Then the response status code should be 403                # com.booker.stepdefs.AuthSteps.theResponseStatusCodeShouldBe(int)
15:42:35.995 [main] INFO  com.booker.stepdefs.Hooks - === PASSED Scenario: Partial update without auth token ===
]]></system-out>
  </testcase>
  <testcase name="Delete an existing booking" classname="Booking API" time="4.505">
    <system-out><![CDATA[
@booking @positive
Scenario: Delete an existing booking            # src/test/resources/features/booking.feature:127
15:42:36.008 [main] INFO  com.booker.stepdefs.Hooks - === Starting Scenario: Delete an existing booking [PASSED] ===
15:42:36.010 [main] INFO  com.booker.stepdefs.CommonSteps - Base URL configured: https://restful-booker.herokuapp.com
  Given the API base URL is configured          # com.booker.stepdefs.CommonSteps.theApiBaseUrlIsConfigured()
Request method:	POST
Request URI:	https://restful-booker.herokuapp.com/auth
Proxy:			<none>
Request params:	<none>
Query params:	<none>
Form params:	<none>
Path params:	<none>
Headers:		Accept=application/json
				Content-Type=application/json
Cookies:		<none>
Multiparts:		<none>
Body:
{
    "username": "admin",
    "password": "password123"
}
15:42:37.645 [main] INFO  com.booker.stepdefs.CommonSteps - Authenticated. Token acquired: 2a7e7****
  And I am authenticated with valid credentials # com.booker.stepdefs.CommonSteps.iAmAuthenticatedWithValidCredentials()
Request method:	POST
Request URI:	https://restful-booker.herokuapp.com/booking
Proxy:			<none>
Request params:	<none>
Query params:	<none>
Form params:	<none>
Path params:	<none>
Headers:		Accept=application/json
				Content-Type=application/json
Cookies:		<none>
Multiparts:		<none>
Body:
{
    "firstname": "James",
    "lastname": "Brown",
    "totalprice": 150,
    "depositpaid": true,
    "bookingdates": {
        "checkin": "2025-01-01",
        "checkout": "2025-01-07"
    },
    "additionalneeds": "Breakfast"
}
15:42:39.049 [main] INFO  com.booker.stepdefs.BookingSteps - Created test booking with ID: 963
  Given a booking exists                        # com.booker.stepdefs.BookingSteps.aBookingExists()
Request method:	DELETE
Request URI:	https://restful-booker.herokuapp.com/booking/963
Proxy:			<none>
Request params:	<none>
Query params:	<none>
Form params:	<none>
Path params:	<none>
Headers:		Accept=application/json
				Cookie=token=2a7e713eccc04af
				Content-Type=application/json
Cookies:		<none>
Multiparts:		<none>
Body:			<none>
15:42:40.502 [main] INFO  com.booker.stepdefs.BookingSteps - DELETE /booking/963 => 201
  When I delete the booking                     # com.booker.stepdefs.BookingSteps.iDeleteTheBooking()
15:42:40.504 [main] INFO  com.booker.stepdefs.AuthSteps - Expected status: 201, Actual status: 201
  Then the response status code should be 201   # com.booker.stepdefs.AuthSteps.theResponseStatusCodeShouldBe(int)
15:42:40.505 [main] INFO  com.booker.stepdefs.Hooks - === PASSED Scenario: Delete an existing booking ===
]]></system-out>
  </testcase>
  <testcase name="Delete a booking without auth token" classname="Booking API" time="4.451">
    <system-out><![CDATA[
@booking @negative
Scenario: Delete a booking without auth token      # src/test/resources/features/booking.feature:133
15:42:40.519 [main] INFO  com.booker.stepdefs.Hooks - === Starting Scenario: Delete a booking without auth token [PASSED] ===
15:42:40.521 [main] INFO  com.booker.stepdefs.CommonSteps - Base URL configured: https://restful-booker.herokuapp.com
  Given the API base URL is configured             # com.booker.stepdefs.CommonSteps.theApiBaseUrlIsConfigured()
Request method:	POST
Request URI:	https://restful-booker.herokuapp.com/auth
Proxy:			<none>
Request params:	<none>
Query params:	<none>
Form params:	<none>
Path params:	<none>
Headers:		Accept=application/json
				Content-Type=application/json
Cookies:		<none>
Multiparts:		<none>
Body:
{
    "username": "admin",
    "password": "password123"
}
15:42:42.041 [main] INFO  com.booker.stepdefs.CommonSteps - Authenticated. Token acquired: 31464****
  And I am authenticated with valid credentials    # com.booker.stepdefs.CommonSteps.iAmAuthenticatedWithValidCredentials()
Request method:	POST
Request URI:	https://restful-booker.herokuapp.com/booking
Proxy:			<none>
Request params:	<none>
Query params:	<none>
Form params:	<none>
Path params:	<none>
Headers:		Accept=application/json
				Content-Type=application/json
Cookies:		<none>
Multiparts:		<none>
Body:
{
    "firstname": "James",
    "lastname": "Brown",
    "totalprice": 150,
    "depositpaid": true,
    "bookingdates": {
        "checkin": "2025-01-01",
        "checkout": "2025-01-07"
    },
    "additionalneeds": "Breakfast"
}
15:42:43.500 [main] INFO  com.booker.stepdefs.BookingSteps - Created test booking with ID: 1001
  Given a booking exists                           # com.booker.stepdefs.BookingSteps.aBookingExists()
Request method:	DELETE
Request URI:	https://restful-booker.herokuapp.com/booking/1001
Proxy:			<none>
Request params:	<none>
Query params:	<none>
Form params:	<none>
Path params:	<none>
Headers:		Accept=application/json
				Content-Type=application/json
Cookies:		<none>
Multiparts:		<none>
Body:			<none>
  When I delete the booking without authentication # com.booker.stepdefs.BookingSteps.iDeleteTheBookingWithoutAuthentication()
15:42:44.958 [main] INFO  com.booker.stepdefs.AuthSteps - Expected status: 403, Actual status: 403
  Then the response status code should be 403      # com.booker.stepdefs.AuthSteps.theResponseStatusCodeShouldBe(int)
15:42:44.960 [main] INFO  com.booker.stepdefs.Hooks - === PASSED Scenario: Delete a booking without auth token ===
]]></system-out>
  </testcase>
  <testcase name="Delete non-existent booking" classname="Booking API" time="2.986">
    <system-out><![CDATA[
@booking @negative
Scenario: Delete non-existent booking           # src/test/resources/features/booking.feature:139
15:42:44.972 [main] INFO  com.booker.stepdefs.Hooks - === Starting Scenario: Delete non-existent booking [PASSED] ===
15:42:44.974 [main] INFO  com.booker.stepdefs.CommonSteps - Base URL configured: https://restful-booker.herokuapp.com
  Given the API base URL is configured          # com.booker.stepdefs.CommonSteps.theApiBaseUrlIsConfigured()
Request method:	POST
Request URI:	https://restful-booker.herokuapp.com/auth
Proxy:			<none>
Request params:	<none>
Query params:	<none>
Form params:	<none>
Path params:	<none>
Headers:		Accept=application/json
				Content-Type=application/json
Cookies:		<none>
Multiparts:		<none>
Body:
{
    "username": "admin",
    "password": "password123"
}
15:42:46.422 [main] INFO  com.booker.stepdefs.CommonSteps - Authenticated. Token acquired: 5f029****
  And I am authenticated with valid credentials # com.booker.stepdefs.CommonSteps.iAmAuthenticatedWithValidCredentials()
Request method:	DELETE
Request URI:	https://restful-booker.herokuapp.com/booking/9999999
Proxy:			<none>
Request params:	<none>
Query params:	<none>
Form params:	<none>
Path params:	<none>
Headers:		Accept=application/json
				Cookie=token=5f02992061193c4
				Content-Type=application/json
Cookies:		<none>
Multiparts:		<none>
Body:			<none>
  When I delete booking with ID 9999999         # com.booker.stepdefs.BookingSteps.iDeleteBookingWithId(int)
15:42:47.947 [main] INFO  com.booker.stepdefs.AuthSteps - Expected status: 405, Actual status: 405
  Then the response status code should be 405   # com.booker.stepdefs.AuthSteps.theResponseStatusCodeShouldBe(int)
15:42:47.948 [main] INFO  com.booker.stepdefs.Hooks - === PASSED Scenario: Delete non-existent booking ===
]]></system-out>
  </testcase>
</testsuite>